2016-08-11 16:54:19
[VERSION]:git-Spigot-5391d73-0ebb9c7 (MC: 1.10.2), ArtMap v2.3.11
---------------------[SERVER]---------------------
Loaded Plugins: [TitleAdvanced v5.10.1, CommandLogger v2.2, MenuBuilder v1.0.2, neoPaintingSwitch v1.371, Lift v52, TuxTwoLib v1.10-b7, BanManager v5.11.0, DarkHorse v1.3.1a, BiomeTP v3.0, Tablist v1.3.0.2, AsyncWorldEditInjector v3.3.5, HeadNamer v1.1, PluginManagerReloaded v1.0.2, AutoMessage v2.5.5, ChatControl v7.0.5, FlagsCopy v1.1.1, Modifyworld v1.19.7, ProtocolLib v4.1.0-SNAPSHOT-b317, The Multiverse-Core Plugin, DeathMessagesPrime v1.9.1, ResourcePackApi v2.2.1, SlimeMobs v1.3, TrollCommandsPlusPlus v2.6.16, PermissionsEx v1.23.4, NightVisionReloaded v1.3, mcMMO v1.5.05-b143, Multiverse-Portals v2.5-b742, ServerListPlus v3.4.6, SimpleSit v1.5.1, Admin-Chat-Channel v2.0.2, ColoredSigns v2.0, PlaceholderAPI v2.5.1, NametagEdit v4.1.2, ChatReaction v1.6.2, ShutdownNotice v3.2, TreeFeller v1.2, ChatColor v1.5, PlayerMagnet v1.01, CoreProtect v2.13.1, CustomEnderChest v1.2.1, GameModeInventories v2.8, PacketListenerApi v3.4.4, ClearLag v2.9.1, AdminFunPlus v1.0.7, Votifier v1.9, LibsDisguises v9.0.9, SignEdit v3.3.10, AsyncWorldEdit v3.4.1, Rename v1.0, BlocksHub v1.2, Vault v1.5.6-b49, ChairStairs v1.1, AntiCommandTab v3.4, LWC v1.7.3, HolographicDisplays v2.2, DeathBounty v1.0, Multiverse-NetherPortals v2.5-b710, MyCommand v5.3.4, HolographicScoreboard v1.4.2, RunesEnchant v3.4.9.2, Auctions v2.5.0-SNAPSHOT, MapManager v1.2.0, Citizens v2.0.19-SNAPSHOT (build 1374), BlocksHub-CoreProtect v1.2.1, UltraCosmetics v2.3.9, boosCooldowns v3.12.0, WorldEdit v6.1.4-SNAPSHOT;3595-c957ffb, Denizen v0.9.8-SNAPSHOT (build 1621), NickNamer v3.12.3, Essentials v2.0.1-b427, HeadDatabase v2.3.2, WhatIsIt v1.3.9, EnjinMinecraftPlugin v3.0.20, AnimatedFrames v4.3.3, EssentialsGeoIP v2.0.1-b427, CheckMyInventory v4.3.16.0, PremiumVanish v1.6.7, EssentialsKitManager v1.0.4, EssentialsChat v2.0.1-b427, WorldGuard v6.1.3-SNAPSHOT;1681-e5e1f71, NPCLib v2.2.4, EssentialsProtect v2.0.1-b427, EssentialsAntiBuild v2.0.1-b427, EssentialsSpawn v2.0.1-b427, PvPManager v3.6, WarpPortals v5.6.3, SonarPet v1.1.0-SNAPSHOT, BuyRegion v1.1.7, CS-CoreLib v1.5.7, WorldeditRegions v1.2, NoFlyZone v1.3, MythicMobs v2.5.0, Murder v3.1.2, CommandRegions v2.0.0, Jobs v3.5.7, RandomTP v2.3, SilkSpawners v3.7.3, DeluxeChat v1.10.0, RegionGUI v2.5.0, WGRegionEvents v1.1, ArtMap v2.3.11, ChestShop v4.0-r5, ArmorStandTools v2.1.4, SilkSpawnersShopAddon v1.2.0, Slimefun v4.0.12, WorldGuardExtraFlags v2.8, ExtraGear v1.1, ChestShopNotifier v1.1.5, SlimefunGuidePlus v1.0, ExoticGarden v1.6.1, Slimedustry v1.2.7, PrivateStorage v3.0, HotbarPets v1.1, SlimefunLuckyBlocks v1.1, Gun_Fun v1.0.4, SlimefunOres v1.4.5, ElectricSpawners v1.0, MagicLoot v2.1.0, ExtraHeads v1.0, SensibleToolbox v1.0.99, NoGodZone v1.0.0, ]
Plugin compatability hooks: WGCompat [LOADED:true], Reflection Handler: class me.Fupery.ArtMap.Compatability.DenizenCompat
--------------------[STACKTRACE]---------------------
null
me.Fupery.ArtMap.Protocol.ArtistHandler$1.onPacketInAsync(ArtistHandler.java:42)
me.Fupery.ArtMap.Protocol.ArtistProtocol$PacketHandler.channelRead(ArtistProtocol.java:105)
io.netty.channel.AbstractChannelHandlerContext.invokeChannelRead(AbstractChannelHandlerContext.java:333)
io.netty.channel.AbstractChannelHandlerContext.fireChannelRead(AbstractChannelHandlerContext.java:319)
io.netty.channel.ChannelInboundHandlerAdapter.channelRead(ChannelInboundHandlerAdapter.java:86)
org.inventivetalent.packetlistener.channel.INCChannel$ChannelHandler.channelRead(INCChannel.java:182)
io.netty.channel.AbstractChannelHandlerContext.invokeChannelRead(AbstractChannelHandlerContext.java:333)
io.netty.channel.AbstractChannelHandlerContext.fireChannelRead(AbstractChannelHandlerContext.java:319)
io.netty.handler.codec.ByteToMessageDecoder.channelRead(ByteToMessageDecoder.java:168)
org.inventivetalent.rpapi.packet.PacketPlayResourcePackStatus_v1_10_R1$ChannelHandler.channelRead(PacketPlayResourcePackStatus_v1_10_R1.java:157)
io.netty.channel.AbstractChannelHandlerContext.invokeChannelRead(AbstractChannelHandlerContext.java:333)
io.netty.channel.AbstractChannelHandlerContext.fireChannelRead(AbstractChannelHandlerContext.java:319)
io.netty.channel.ChannelInboundHandlerAdapter.channelRead(ChannelInboundHandlerAdapter.java:86)
org.inventivetalent.packetlistener.channel.INCChannel$ChannelHandler.channelRead(INCChannel.java:182)
io.netty.channel.AbstractChannelHandlerContext.invokeChannelRead(AbstractChannelHandlerContext.java:333)
io.netty.channel.AbstractChannelHandlerContext.fireChannelRead(AbstractChannelHandlerContext.java:319)
io.netty.handler.codec.ByteToMessageDecoder.channelRead(ByteToMessageDecoder.java:168)
io.netty.channel.AbstractChannelHandlerContext.invokeChannelRead(AbstractChannelHandlerContext.java:333)
io.netty.channel.AbstractChannelHandlerContext.fireChannelRead(AbstractChannelHandlerContext.java:319)
io.netty.handler.codec.ByteToMessageDecoder.channelRead(ByteToMessageDecoder.java:163)
io.netty.channel.AbstractChannelHandlerContext.invokeChannelRead(AbstractChannelHandlerContext.java:333)
io.netty.channel.AbstractChannelHandlerContext.fireChannelRead(AbstractChannelHandlerContext.java:319)
io.netty.handler.codec.ByteToMessageDecoder.channelRead(ByteToMessageDecoder.java:163)
io.netty.channel.AbstractChannelHandlerContext.invokeChannelRead(AbstractChannelHandlerContext.java:333)
io.netty.channel.AbstractChannelHandlerContext.fireChannelRead(AbstractChannelHandlerContext.java:319)
com.comphenix.protocol.injector.netty.ChannelInjector$4.channelRead(ChannelInjector.java:273)
io.netty.channel.AbstractChannelHandlerContext.invokeChannelRead(AbstractChannelHandlerContext.java:333)
io.netty.channel.AbstractChannelHandlerContext.fireChannelRead(AbstractChannelHandlerContext.java:319)
io.netty.handler.codec.ByteToMessageDecoder.channelRead(ByteToMessageDecoder.java:163)
io.netty.channel.AbstractChannelHandlerContext.invokeChannelRead(AbstractChannelHandlerContext.java:333)
io.netty.channel.AbstractChannelHandlerContext.fireChannelRead(AbstractChannelHandlerContext.java:319)
io.netty.handler.codec.MessageToMessageDecoder.channelRead(MessageToMessageDecoder.java:103)
io.netty.channel.AbstractChannelHandlerContext.invokeChannelRead(AbstractChannelHandlerContext.java:333)
io.netty.channel.AbstractChannelHandlerContext.fireChannelRead(AbstractChannelHandlerContext.java:319)
io.netty.handler.timeout.ReadTimeoutHandler.channelRead(ReadTimeoutHandler.java:150)
io.netty.channel.AbstractChannelHandlerContext.invokeChannelRead(AbstractChannelHandlerContext.java:333)
io.netty.channel.AbstractChannelHandlerContext.fireChannelRead(AbstractChannelHandlerContext.java:319)
io.netty.channel.DefaultChannelPipeline.fireChannelRead(DefaultChannelPipeline.java:787)
io.netty.channel.epoll.EpollSocketChannel$EpollSocketUnsafe.epollInReady(EpollSocketChannel.java:722)
io.netty.channel.epoll.EpollEventLoop.processReady(EpollEventLoop.java:326)
io.netty.channel.epoll.EpollEventLoop.run(EpollEventLoop.java:264)
io.netty.util.concurrent.SingleThreadEventExecutor$2.run(SingleThreadEventExecutor.java:116)
java.lang.Thread.run(Thread.java:745)



2016-08-12 11:43:35
[VERSION]:git-Spigot-5391d73-0ebb9c7 (MC: 1.10.2), ArtMap v2.3.11
---------------------[SERVER]---------------------
Loaded Plugins: [TitleAdvanced v5.10.1, CommandLogger v2.2, MenuBuilder v1.0.2, neoPaintingSwitch v1.371, Lift v52, TuxTwoLib v1.10-b7, BanManager v5.11.0, DarkHorse v1.3.1a, BiomeTP v3.0, Tablist v1.3.0.2, AsyncWorldEditInjector v3.3.5, HeadNamer v1.1, PluginManagerReloaded v1.0.2, AutoMessage v2.5.5, ChatControl v7.0.5, FlagsCopy v1.1.1, Modifyworld v1.19.7, ProtocolLib v4.1.0-SNAPSHOT-b317, The Multiverse-Core Plugin, DeathMessagesPrime v1.9.1, ResourcePackApi v2.2.1, SlimeMobs v1.3, TrollCommandsPlusPlus v2.6.16, PermissionsEx v1.23.4, NightVisionReloaded v1.3, mcMMO v1.5.05-b143, Multiverse-Portals v2.5-b742, ServerListPlus v3.4.6, SimpleSit v1.5.1, Admin-Chat-Channel v2.0.2, ColoredSigns v2.0, PlaceholderAPI v2.5.1, NametagEdit v4.1.2, ChatReaction v1.6.2, ShutdownNotice v3.2, TreeFeller v1.2, ChatColor v1.5, PlayerMagnet v1.01, CoreProtect v2.13.1, CustomEnderChest v1.2.1, GameModeInventories v2.8, PacketListenerApi v3.4.4, ClearLag v2.9.1, AdminFunPlus v1.0.7, Votifier v1.9, LibsDisguises v9.0.9, SignEdit v3.3.10, AsyncWorldEdit v3.4.1, Rename v1.0, BlocksHub v1.2, Vault v1.5.6-b49, ChairStairs v1.1, AntiCommandTab v3.4, LWC v1.7.3, HolographicDisplays v2.2, DeathBounty v1.0, Multiverse-NetherPortals v2.5-b710, MyCommand v5.3.4, HolographicScoreboard v1.4.2, RunesEnchant v3.4.9.2, Auctions v2.5.0-SNAPSHOT, MapManager v1.2.0, Citizens v2.0.19-SNAPSHOT (build 1374), BlocksHub-CoreProtect v1.2.1, UltraCosmetics v2.3.9, boosCooldowns v3.12.0, WorldEdit v6.1.4-SNAPSHOT;3595-c957ffb, Denizen v0.9.8-SNAPSHOT (build 1621), NickNamer v3.12.3, Essentials v2.0.1-b427, HeadDatabase v2.3.2, WhatIsIt v1.3.9, EnjinMinecraftPlugin v3.0.20, AnimatedFrames v4.3.3, EssentialsGeoIP v2.0.1-b427, CheckMyInventory v4.3.16.0, PremiumVanish v1.6.7, EssentialsKitManager v1.0.4, EssentialsChat v2.0.1-b427, WorldGuard v6.1.3-SNAPSHOT;1681-e5e1f71, NPCLib v2.2.4, EssentialsProtect v2.0.1-b427, EssentialsAntiBuild v2.0.1-b427, EssentialsSpawn v2.0.1-b427, PvPManager v3.6, WarpPortals v5.6.3, SonarPet v1.1.0-SNAPSHOT, BuyRegion v1.1.7, CS-CoreLib v1.5.7, WorldeditRegions v1.2, NoFlyZone v1.3, MythicMobs v2.5.0, Murder v3.1.2, CommandRegions v2.0.0, Jobs v3.5.7, RandomTP v2.3, SilkSpawners v3.7.3, DeluxeChat v1.10.0, RegionGUI v2.5.0, WGRegionEvents v1.1, ArtMap v2.3.11, ChestShop v4.0-r5, ArmorStandTools v2.1.4, SilkSpawnersShopAddon v1.2.0, Slimefun v4.0.12, WorldGuardExtraFlags v2.8, ExtraGear v1.1, ChestShopNotifier v1.1.5, SlimefunGuidePlus v1.0, ExoticGarden v1.6.1, Slimedustry v1.2.7, PrivateStorage v3.0, NoGodZone v1.0.0, HotbarPets v1.1, SlimefunLuckyBlocks v1.1, Gun_Fun v1.0.4, SlimefunOres v1.4.5, ElectricSpawners v1.0, MagicLoot v2.1.0, ExtraHeads v1.0, SensibleToolbox v1.0.99, ]
Plugin compatability hooks: WGCompat [LOADED:true], Reflection Handler: class me.Fupery.ArtMap.Compatability.DenizenCompat
--------------------[STACKTRACE]---------------------
null
me.Fupery.ArtMap.Protocol.ArtistHandler$1.onPacketInAsync(ArtistHandler.java:42)
me.Fupery.ArtMap.Protocol.ArtistProtocol$PacketHandler.channelRead(ArtistProtocol.java:105)
io.netty.channel.AbstractChannelHandlerContext.invokeChannelRead(AbstractChannelHandlerContext.java:333)
io.netty.channel.AbstractChannelHandlerContext.fireChannelRead(AbstractChannelHandlerContext.java:319)
io.netty.channel.ChannelInboundHandlerAdapter.channelRead(ChannelInboundHandlerAdapter.java:86)
org.inventivetalent.packetlistener.channel.INCChannel$ChannelHandler.channelRead(INCChannel.java:182)
io.netty.channel.AbstractChannelHandlerContext.invokeChannelRead(AbstractChannelHandlerContext.java:333)
io.netty.channel.AbstractChannelHandlerContext.fireChannelRead(AbstractChannelHandlerContext.java:319)
io.netty.handler.codec.ByteToMessageDecoder.channelRead(ByteToMessageDecoder.java:168)
org.inventivetalent.rpapi.packet.PacketPlayResourcePackStatus_v1_10_R1$ChannelHandler.channelRead(PacketPlayResourcePackStatus_v1_10_R1.java:157)
io.netty.channel.AbstractChannelHandlerContext.invokeChannelRead(AbstractChannelHandlerContext.java:333)
io.netty.channel.AbstractChannelHandlerContext.fireChannelRead(AbstractChannelHandlerContext.java:319)
io.netty.channel.ChannelInboundHandlerAdapter.channelRead(ChannelInboundHandlerAdapter.java:86)
org.inventivetalent.packetlistener.channel.INCChannel$ChannelHandler.channelRead(INCChannel.java:182)
io.netty.channel.AbstractChannelHandlerContext.invokeChannelRead(AbstractChannelHandlerContext.java:333)
io.netty.channel.AbstractChannelHandlerContext.fireChannelRead(AbstractChannelHandlerContext.java:319)
io.netty.handler.codec.ByteToMessageDecoder.channelRead(ByteToMessageDecoder.java:168)
io.netty.channel.AbstractChannelHandlerContext.invokeChannelRead(AbstractChannelHandlerContext.java:333)
io.netty.channel.AbstractChannelHandlerContext.fireChannelRead(AbstractChannelHandlerContext.java:319)
io.netty.handler.codec.ByteToMessageDecoder.channelRead(ByteToMessageDecoder.java:163)
io.netty.channel.AbstractChannelHandlerContext.invokeChannelRead(AbstractChannelHandlerContext.java:333)
io.netty.channel.AbstractChannelHandlerContext.fireChannelRead(AbstractChannelHandlerContext.java:319)
io.netty.handler.codec.ByteToMessageDecoder.channelRead(ByteToMessageDecoder.java:163)
io.netty.channel.AbstractChannelHandlerContext.invokeChannelRead(AbstractChannelHandlerContext.java:333)
io.netty.channel.AbstractChannelHandlerContext.fireChannelRead(AbstractChannelHandlerContext.java:319)
com.comphenix.protocol.injector.netty.ChannelInjector$4.channelRead(ChannelInjector.java:273)
io.netty.channel.AbstractChannelHandlerContext.invokeChannelRead(AbstractChannelHandlerContext.java:333)
io.netty.channel.AbstractChannelHandlerContext.fireChannelRead(AbstractChannelHandlerContext.java:319)
io.netty.handler.codec.ByteToMessageDecoder.channelRead(ByteToMessageDecoder.java:163)
io.netty.channel.AbstractChannelHandlerContext.invokeChannelRead(AbstractChannelHandlerContext.java:333)
io.netty.channel.AbstractChannelHandlerContext.fireChannelRead(AbstractChannelHandlerContext.java:319)
io.netty.handler.codec.MessageToMessageDecoder.channelRead(MessageToMessageDecoder.java:103)
io.netty.channel.AbstractChannelHandlerContext.invokeChannelRead(AbstractChannelHandlerContext.java:333)
io.netty.channel.AbstractChannelHandlerContext.fireChannelRead(AbstractChannelHandlerContext.java:319)
io.netty.handler.timeout.ReadTimeoutHandler.channelRead(ReadTimeoutHandler.java:150)
io.netty.channel.AbstractChannelHandlerContext.invokeChannelRead(AbstractChannelHandlerContext.java:333)
io.netty.channel.AbstractChannelHandlerContext.fireChannelRead(AbstractChannelHandlerContext.java:319)
io.netty.channel.DefaultChannelPipeline.fireChannelRead(DefaultChannelPipeline.java:787)
io.netty.channel.epoll.EpollSocketChannel$EpollSocketUnsafe.epollInReady(EpollSocketChannel.java:722)
io.netty.channel.epoll.EpollEventLoop.processReady(EpollEventLoop.java:326)
io.netty.channel.epoll.EpollEventLoop.run(EpollEventLoop.java:264)
io.netty.util.concurrent.SingleThreadEventExecutor$2.run(SingleThreadEventExecutor.java:116)
java.lang.Thread.run(Thread.java:745)



2016-08-14 18:42:50
[VERSION]:git-Spigot-5391d73-0ebb9c7 (MC: 1.10.2), ArtMap v2.3.13
---------------------[SERVER]---------------------
Loaded Plugins: [TitleAdvanced v5.10.1, CommandLogger v2.2, MenuBuilder v1.0.2, neoPaintingSwitch v1.371, Lift v52, TuxTwoLib v1.10-b7, BanManager v5.11.0, DarkHorse v1.3.1a, BiomeTP v3.0, Tablist v1.3.0.2, AsyncWorldEditInjector v3.3.5, HeadNamer v1.1, PluginManagerReloaded v1.0.2, AutoMessage v2.5.5, ChatControl v7.0.8, FlagsCopy v1.1.1, Modifyworld v1.19.7, ProtocolLib v4.1.0-SNAPSHOT-b317, The Multiverse-Core Plugin, DeathMessagesPrime v1.9.1, ResourcePackApi v2.2.1, SlimeMobs v1.3, TrollCommandsPlusPlus v2.6.16, PermissionsEx v1.23.4, NightVisionReloaded v1.3, mcMMO v1.5.05-b143, Multiverse-Portals v2.5-b742, ServerListPlus v3.4.6, SimpleSit v1.5.1, Admin-Chat-Channel v2.0.2, ColoredSigns v2.0, PlaceholderAPI v2.5.1, NametagEdit v4.1.2, ChatReaction v1.6.2, ShutdownNotice v3.2, TreeFeller v1.2, ChatColor v1.5, PlayerMagnet v1.01, CoreProtect v2.13.1, CustomEnderChest v1.2.1, GameModeInventories v2.8, PacketListenerApi v3.4.4, ClearLag v2.9.1, AdminFunPlus v1.0.7, Votifier v1.9, LibsDisguises v9.0.9, SignEdit v3.3.10, AsyncWorldEdit v3.4.1, Rename v1.0, BlocksHub v1.2, Vault v1.5.6-b49, ChairStairs v1.1, AntiCommandTab v3.4, LWC v1.7.3, HolographicDisplays v2.2, DeathBounty v1.0, Multiverse-NetherPortals v2.5-b710, MyCommand v5.3.4, HolographicScoreboard v1.4.2, RunesEnchant v3.4.9.2, Auctions v2.5.0-SNAPSHOT, Citizens v2.0.19-SNAPSHOT (build 1374), BlocksHub-CoreProtect v1.2.1, UltraCosmetics v2.3.9, boosCooldowns v3.12.0, WorldEdit v6.1.4-SNAPSHOT;3595-c957ffb, Denizen v0.9.8-SNAPSHOT (build 1621), NickNamer v3.12.3, Essentials v2.0.1-b427, HeadDatabase v2.3.2, WhatIsIt v1.3.9, EnjinMinecraftPlugin v3.0.20, EssentialsGeoIP v2.0.1-b427, CheckMyInventory v4.3.16.0, PremiumVanish v1.6.7, EssentialsKitManager v1.0.4, EssentialsChat v2.0.1-b427, WorldGuard v6.1.3-SNAPSHOT;1681-e5e1f71, NPCLib v2.2.4, EssentialsProtect v2.0.1-b427, EssentialsAntiBuild v2.0.1-b427, EssentialsSpawn v2.0.1-b427, PvPManager v3.6, WarpPortals v5.6.3, SonarPet v1.1.0-SNAPSHOT, BuyRegion v1.1.7, CS-CoreLib v1.5.7, WorldeditRegions v1.2, NoFlyZone v1.3, MythicMobs v2.5.0, CommandRegions v2.0.0, Jobs v3.5.7, RandomTP v2.3, SilkSpawners v3.7.3, DeluxeChat v1.10.0, RegionGUI v2.5.0, ArtMap v2.3.13, ChestShop v4.0-r5, ArmorStandTools v2.1.4, SilkSpawnersShopAddon v1.2.0, Slimefun v4.0.13, WorldGuardExtraFlags v2.9, ExtraGear v1.1, ChestShopNotifier v1.1.5, SlimefunGuidePlus v1.0, ExoticGarden v1.6.1, Slimedustry v1.2.7, PrivateStorage v3.0, HotbarPets v1.1, SlimefunLuckyBlocks v1.1, Gun_Fun v1.0.4, SlimefunOres v1.4.5, ElectricSpawners v1.0, MagicLoot v2.1.0, ExtraHeads v1.0, SensibleToolbox v1.0.99, ]
Plugin compatability hooks: WGCompat [LOADED:true], Reflection Handler: class me.Fupery.ArtMap.Compatability.DenizenCompat
--------------------[STACKTRACE]---------------------
null
me.Fupery.ArtMap.Protocol.ArtistHandler$1.onPacketInAsync(ArtistHandler.java:42)
me.Fupery.ArtMap.Protocol.ArtistProtocol$PacketHandler.channelRead(ArtistProtocol.java:105)
io.netty.channel.AbstractChannelHandlerContext.invokeChannelRead(AbstractChannelHandlerContext.java:333)
io.netty.channel.AbstractChannelHandlerContext.fireChannelRead(AbstractChannelHandlerContext.java:319)
io.netty.channel.ChannelInboundHandlerAdapter.channelRead(ChannelInboundHandlerAdapter.java:86)
org.inventivetalent.packetlistener.channel.INCChannel$ChannelHandler.channelRead(INCChannel.java:182)
io.netty.channel.AbstractChannelHandlerContext.invokeChannelRead(AbstractChannelHandlerContext.java:333)
io.netty.channel.AbstractChannelHandlerContext.fireChannelRead(AbstractChannelHandlerContext.java:319)
io.netty.handler.codec.ByteToMessageDecoder.channelRead(ByteToMessageDecoder.java:168)
org.inventivetalent.rpapi.packet.PacketPlayResourcePackStatus_v1_10_R1$ChannelHandler.channelRead(PacketPlayResourcePackStatus_v1_10_R1.java:157)
io.netty.channel.AbstractChannelHandlerContext.invokeChannelRead(AbstractChannelHandlerContext.java:333)
io.netty.channel.AbstractChannelHandlerContext.fireChannelRead(AbstractChannelHandlerContext.java:319)
io.netty.channel.ChannelInboundHandlerAdapter.channelRead(ChannelInboundHandlerAdapter.java:86)
org.inventivetalent.packetlistener.channel.INCChannel$ChannelHandler.channelRead(INCChannel.java:182)
io.netty.channel.AbstractChannelHandlerContext.invokeChannelRead(AbstractChannelHandlerContext.java:333)
io.netty.channel.AbstractChannelHandlerContext.fireChannelRead(AbstractChannelHandlerContext.java:319)
io.netty.handler.codec.ByteToMessageDecoder.channelRead(ByteToMessageDecoder.java:168)
io.netty.channel.AbstractChannelHandlerContext.invokeChannelRead(AbstractChannelHandlerContext.java:333)
io.netty.channel.AbstractChannelHandlerContext.fireChannelRead(AbstractChannelHandlerContext.java:319)
io.netty.handler.codec.ByteToMessageDecoder.channelRead(ByteToMessageDecoder.java:163)
io.netty.channel.AbstractChannelHandlerContext.invokeChannelRead(AbstractChannelHandlerContext.java:333)
io.netty.channel.AbstractChannelHandlerContext.fireChannelRead(AbstractChannelHandlerContext.java:319)
io.netty.handler.codec.ByteToMessageDecoder.channelRead(ByteToMessageDecoder.java:163)
io.netty.channel.AbstractChannelHandlerContext.invokeChannelRead(AbstractChannelHandlerContext.java:333)
io.netty.channel.AbstractChannelHandlerContext.fireChannelRead(AbstractChannelHandlerContext.java:319)
com.comphenix.protocol.injector.netty.ChannelInjector$4.channelRead(ChannelInjector.java:273)
io.netty.channel.AbstractChannelHandlerContext.invokeChannelRead(AbstractChannelHandlerContext.java:333)
io.netty.channel.AbstractChannelHandlerContext.fireChannelRead(AbstractChannelHandlerContext.java:319)
io.netty.handler.codec.ByteToMessageDecoder.channelRead(ByteToMessageDecoder.java:163)
io.netty.channel.AbstractChannelHandlerContext.invokeChannelRead(AbstractChannelHandlerContext.java:333)
io.netty.channel.AbstractChannelHandlerContext.fireChannelRead(AbstractChannelHandlerContext.java:319)
io.netty.handler.codec.MessageToMessageDecoder.channelRead(MessageToMessageDecoder.java:103)
io.netty.channel.AbstractChannelHandlerContext.invokeChannelRead(AbstractChannelHandlerContext.java:333)
io.netty.channel.AbstractChannelHandlerContext.fireChannelRead(AbstractChannelHandlerContext.java:319)
io.netty.handler.timeout.ReadTimeoutHandler.channelRead(ReadTimeoutHandler.java:150)
io.netty.channel.AbstractChannelHandlerContext.invokeChannelRead(AbstractChannelHandlerContext.java:333)
io.netty.channel.AbstractChannelHandlerContext.fireChannelRead(AbstractChannelHandlerContext.java:319)
io.netty.channel.DefaultChannelPipeline.fireChannelRead(DefaultChannelPipeline.java:787)
io.netty.channel.epoll.EpollSocketChannel$EpollSocketUnsafe.epollInReady(EpollSocketChannel.java:722)
io.netty.channel.epoll.EpollEventLoop.processReady(EpollEventLoop.java:326)
io.netty.channel.epoll.EpollEventLoop.run(EpollEventLoop.java:264)
io.netty.util.concurrent.SingleThreadEventExecutor$2.run(SingleThreadEventExecutor.java:116)
java.lang.Thread.run(Thread.java:745)



